<?xml version="1.0" encoding="UTF-8"?>
<!-- Generated by org.testng.reporters.JUnitReportReporter -->
<testsuite hostname="DESKTOP-0CFUFFU" failures="0" tests="2" name="com.nopcommerce.user.Level_20_Fake_Data" time="6.490" errors="0" timestamp="02 Mar 2023 09:16:59 GMT" skipped="0">
  <testcase classname="com.nopcommerce.user.Level_20_Fake_Data" name="User_02_Login" time="2.249"/>
  <testcase classname="com.nopcommerce.user.Level_20_Fake_Data" name="User_01_Register" time="4.241"/>
</testsuite> <!-- com.nopcommerce.user.Level_20_Fake_Data -->
