<?xml version="1.0" encoding="UTF-8"?>
<!-- Generated by org.testng.reporters.JUnitReportReporter -->
<testsuite hostname="DESKTOP-0CFUFFU" failures="0" tests="2" name="com.nopcommerce.user.Level_20_Fake_Data" time="8.667" errors="0" timestamp="03 Mar 2023 04:33:14 GMT" skipped="0">
  <testcase classname="com.nopcommerce.user.Level_20_Fake_Data" name="User_01_Register" time="6.076"/>
  <testcase classname="com.nopcommerce.user.Level_20_Fake_Data" name="User_02_Login" time="2.591"/>
</testsuite> <!-- com.nopcommerce.user.Level_20_Fake_Data -->
